<?xml version="1.0" encoding="UTF-8"?>
<!-- Generated by org.testng.reporters.JUnitXMLReporter -->
<testsuite hostname="DESKTOP-CT4QI35" ignored="0" name="Command line test" tests="3" failures="0" timestamp="31 Aug 2019 17:49:34 GMT" time="94.361" errors="0">
  <testcase name="logintest" time="3.229" classname="in.sathya.test.Testclass"/>
  <testcase name="clickonlaptopstest" time="12.514" classname="in.sathya.test.Testclass"/>
  <testcase name="clickonHPlaptops" time="41.253" classname="in.sathya.test.Testclass"/>
</testsuite> <!-- Command line test -->
