<?xml version="1.0" encoding="UTF-8"?>
<!-- Generated by org.testng.reporters.JUnitXMLReporter -->
<testsuite hostname="DESKTOP-CT4QI35" ignored="0" name="login test" tests="3" failures="0" timestamp="29 Aug 2019 04:59:04 GMT" time="130.834" errors="0">
  <testcase name="logintest" time="2.854" classname="in.sathya.test.Testclass"/>
  <testcase name="clickonlaptopstest" time="12.556" classname="in.sathya.test.Testclass"/>
  <testcase name="clickonHPlaptops" time="42.218" classname="in.sathya.test.Testclass"/>
</testsuite> <!-- login test -->
