<?xml version="1.0" encoding="UTF-8"?>
<testng-results skipped="0" failed="0" ignored="0" total="3" passed="3">
  <reporter-output>
  </reporter-output>
  <suite name="in.sathya.test.Testclass" duration-ms="94361" started-at="2019-08-31T17:48:00Z" finished-at="2019-08-31T17:49:34Z">
    <groups>
      <group name="title">
        <method signature="Testclass.logintest()[pri:1, instance:in.sathya.test.Testclass@48ae9b55]" name="logintest" class="in.sathya.test.Testclass"/>
      </group> <!-- title -->
    </groups>
    <test name="Command line test" duration-ms="94361" started-at="2019-08-31T17:48:00Z" finished-at="2019-08-31T17:49:34Z">
      <class name="in.sathya.test.Testclass">
        <test-method status="PASS" signature="setup()[pri:0, instance:in.sathya.test.Testclass@48ae9b55]" name="setup" is-config="true" duration-ms="16001" started-at="2019-08-31T17:48:00Z" finished-at="2019-08-31T17:48:16Z">
          <reporter-output>
          </reporter-output>
        </test-method> <!-- setup -->
        <test-method status="PASS" signature="logintest()[pri:1, instance:in.sathya.test.Testclass@48ae9b55]" name="logintest" duration-ms="3229" started-at="2019-08-31T17:48:16Z" finished-at="2019-08-31T17:48:19Z">
          <reporter-output>
          </reporter-output>
        </test-method> <!-- logintest -->
        <test-method status="PASS" signature="teardown()[pri:0, instance:in.sathya.test.Testclass@48ae9b55]" name="teardown" is-config="true" duration-ms="672" started-at="2019-08-31T17:48:19Z" finished-at="2019-08-31T17:48:20Z">
          <reporter-output>
          </reporter-output>
        </test-method> <!-- teardown -->
        <test-method status="PASS" signature="setup()[pri:0, instance:in.sathya.test.Testclass@48ae9b55]" name="setup" is-config="true" duration-ms="10007" started-at="2019-08-31T17:48:20Z" finished-at="2019-08-31T17:48:30Z">
          <reporter-output>
          </reporter-output>
        </test-method> <!-- setup -->
        <test-method status="PASS" signature="clickonlaptopstest()[pri:2, instance:in.sathya.test.Testclass@48ae9b55]" name="clickonlaptopstest" duration-ms="12514" started-at="2019-08-31T17:48:30Z" finished-at="2019-08-31T17:48:42Z">
          <reporter-output>
          </reporter-output>
        </test-method> <!-- clickonlaptopstest -->
        <test-method status="PASS" signature="teardown()[pri:0, instance:in.sathya.test.Testclass@48ae9b55]" name="teardown" is-config="true" duration-ms="690" started-at="2019-08-31T17:48:42Z" finished-at="2019-08-31T17:48:43Z">
          <reporter-output>
          </reporter-output>
        </test-method> <!-- teardown -->
        <test-method status="PASS" signature="setup()[pri:0, instance:in.sathya.test.Testclass@48ae9b55]" name="setup" is-config="true" duration-ms="9236" started-at="2019-08-31T17:48:43Z" finished-at="2019-08-31T17:48:52Z">
          <reporter-output>
          </reporter-output>
        </test-method> <!-- setup -->
        <test-method status="PASS" signature="clickonHPlaptops()[pri:3, instance:in.sathya.test.Testclass@48ae9b55]" name="clickonHPlaptops" duration-ms="41253" started-at="2019-08-31T17:48:52Z" finished-at="2019-08-31T17:49:34Z">
          <reporter-output>
          </reporter-output>
        </test-method> <!-- clickonHPlaptops -->
        <test-method status="PASS" signature="teardown()[pri:0, instance:in.sathya.test.Testclass@48ae9b55]" name="teardown" is-config="true" duration-ms="688" started-at="2019-08-31T17:49:34Z" finished-at="2019-08-31T17:49:34Z">
          <reporter-output>
          </reporter-output>
        </test-method> <!-- teardown -->
      </class> <!-- in.sathya.test.Testclass -->
    </test> <!-- Command line test -->
  </suite> <!-- in.sathya.test.Testclass -->
</testng-results>
