<?xml version="1.0" encoding="UTF-8"?>
<testng-results skipped="0" failed="1" ignored="0" total="5" passed="4">
  <reporter-output>
  </reporter-output>
  <suite name="Sathys e-commerce page Automation testing" duration-ms="991258" started-at="2019-08-29T04:56:53Z" finished-at="2019-08-29T05:13:25Z">
    <groups>
      <group name="title">
        <method signature="Testclass.logintest()[pri:1, instance:in.sathya.test.Testclass@351d00c0]" name="logintest" class="in.sathya.test.Testclass"/>
      </group> <!-- title -->
    </groups>
    <test name="login test" duration-ms="130834" started-at="2019-08-29T04:56:53Z" finished-at="2019-08-29T04:59:04Z">
      <class name="in.sathya.test.Testclass">
        <test-method status="PASS" signature="setup()[pri:0, instance:in.sathya.test.Testclass@351d00c0]" name="setup" is-config="true" duration-ms="23130" started-at="2019-08-29T04:56:53Z" finished-at="2019-08-29T04:57:17Z">
          <reporter-output>
          </reporter-output>
        </test-method> <!-- setup -->
        <test-method status="PASS" signature="logintest()[pri:1, instance:in.sathya.test.Testclass@351d00c0]" name="logintest" duration-ms="2854" started-at="2019-08-29T04:57:17Z" finished-at="2019-08-29T04:57:19Z">
          <reporter-output>
          </reporter-output>
        </test-method> <!-- logintest -->
        <test-method status="PASS" signature="teardown()[pri:0, instance:in.sathya.test.Testclass@351d00c0]" name="teardown" is-config="true" duration-ms="699" started-at="2019-08-29T04:57:19Z" finished-at="2019-08-29T04:57:20Z">
          <reporter-output>
          </reporter-output>
        </test-method> <!-- teardown -->
        <test-method status="PASS" signature="setup()[pri:0, instance:in.sathya.test.Testclass@351d00c0]" name="setup" is-config="true" duration-ms="20647" started-at="2019-08-29T04:57:20Z" finished-at="2019-08-29T04:57:41Z">
          <reporter-output>
          </reporter-output>
        </test-method> <!-- setup -->
        <test-method status="PASS" signature="clickonlaptopstest()[pri:2, instance:in.sathya.test.Testclass@351d00c0]" name="clickonlaptopstest" duration-ms="12556" started-at="2019-08-29T04:57:41Z" finished-at="2019-08-29T04:57:53Z">
          <reporter-output>
          </reporter-output>
        </test-method> <!-- clickonlaptopstest -->
        <test-method status="PASS" signature="teardown()[pri:0, instance:in.sathya.test.Testclass@351d00c0]" name="teardown" is-config="true" duration-ms="694" started-at="2019-08-29T04:57:53Z" finished-at="2019-08-29T04:57:54Z">
          <reporter-output>
          </reporter-output>
        </test-method> <!-- teardown -->
        <test-method status="PASS" signature="setup()[pri:0, instance:in.sathya.test.Testclass@351d00c0]" name="setup" is-config="true" duration-ms="27266" started-at="2019-08-29T04:57:54Z" finished-at="2019-08-29T04:58:21Z">
          <reporter-output>
          </reporter-output>
        </test-method> <!-- setup -->
        <test-method status="PASS" signature="clickonHPlaptops()[pri:3, instance:in.sathya.test.Testclass@351d00c0]" name="clickonHPlaptops" duration-ms="42218" started-at="2019-08-29T04:58:21Z" finished-at="2019-08-29T04:59:04Z">
          <reporter-output>
          </reporter-output>
        </test-method> <!-- clickonHPlaptops -->
        <test-method status="PASS" signature="teardown()[pri:0, instance:in.sathya.test.Testclass@351d00c0]" name="teardown" is-config="true" duration-ms="716" started-at="2019-08-29T04:59:04Z" finished-at="2019-08-29T04:59:04Z">
          <reporter-output>
          </reporter-output>
        </test-method> <!-- teardown -->
      </class> <!-- in.sathya.test.Testclass -->
    </test> <!-- login test -->
    <test name="payment test" duration-ms="364609" started-at="2019-08-29T04:59:04Z" finished-at="2019-08-29T05:05:09Z">
      <class name="in.sathya.test.ProductOrdertest">
        <test-method status="PASS" signature="setup()[pri:0, instance:in.sathya.test.ProductOrdertest@4802796d]" name="setup" is-config="true" duration-ms="61650" started-at="2019-08-29T04:59:05Z" finished-at="2019-08-29T05:00:06Z">
          <reporter-output>
          </reporter-output>
        </test-method> <!-- setup -->
        <test-method status="FAIL" signature="Orderproduct(java.lang.String, java.lang.String, java.lang.String, java.lang.String, java.lang.String, java.lang.String, java.lang.String)[pri:0, instance:in.sathya.test.ProductOrdertest@4802796d]" name="Orderproduct" duration-ms="301810" started-at="2019-08-29T05:00:06Z" data-provider="getdata" finished-at="2019-08-29T05:05:08Z">
          <params>
            <param index="0">
              <value>
                <![CDATA[Kavinkumar]]>
              </value>
            </param>
            <param index="1">
              <value>
                <![CDATA[M]]>
              </value>
            </param>
            <param index="2">
              <value>
                <![CDATA[no.564, chennai]]>
              </value>
            </param>
            <param index="3">
              <value>
                <![CDATA[chennai]]>
              </value>
            </param>
            <param index="4">
              <value>
                <![CDATA[600119.0]]>
              </value>
            </param>
            <param index="5">
              <value>
                <![CDATA[kavin9965755008@gmail.com]]>
              </value>
            </param>
            <param index="6">
              <value>
                <![CDATA[9.965755008E9]]>
              </value>
            </param>
          </params>
          <exception class="org.openqa.selenium.NoSuchElementException">
            <message>
              <![CDATA[no such element: Unable to locate element: {"method":"css selector","selector":"#NewAddress_FirstName"}
  (Session info: chrome=76.0.3809.132)
For documentation on this error, please visit: https://www.seleniumhq.org/exceptions/no_such_element.html
Build info: version: '3.141.59', revision: 'e82be7d358', time: '2018-11-14T08:17:03'
System info: host: 'DESKTOP-CT4QI35', ip: '192.168.43.115', os.name: 'Windows 10', os.arch: 'amd64', os.version: '10.0', java.version: '1.8.0_211'
Driver info: org.openqa.selenium.chrome.ChromeDriver
Capabilities {acceptInsecureCerts: false, browserName: chrome, browserVersion: 76.0.3809.132, chrome: {chromedriverVersion: 76.0.3809.68 (420c9498db8ce..., userDataDir: C:\Users\Saran\AppData\Loca...}, goog:chromeOptions: {debuggerAddress: localhost:55718}, javascriptEnabled: true, networkConnectionEnabled: false, pageLoadStrategy: normal, platform: XP, platformName: XP, proxy: Proxy(), setWindowRect: true, strictFileInteractability: false, timeouts: {implicit: 0, pageLoad: 300000, script: 30000}, unhandledPromptBehavior: dismiss and notify}
Session ID: 4d30eb26588bdfd955015b8390fb5652
*** Element info: {Using=id, value=NewAddress_FirstName}]]>
            </message>
            <full-stacktrace>
              <![CDATA[org.openqa.selenium.NoSuchElementException: no such element: Unable to locate element: {"method":"css selector","selector":"#NewAddress_FirstName"}
  (Session info: chrome=76.0.3809.132)
For documentation on this error, please visit: https://www.seleniumhq.org/exceptions/no_such_element.html
Build info: version: '3.141.59', revision: 'e82be7d358', time: '2018-11-14T08:17:03'
System info: host: 'DESKTOP-CT4QI35', ip: '192.168.43.115', os.name: 'Windows 10', os.arch: 'amd64', os.version: '10.0', java.version: '1.8.0_211'
Driver info: org.openqa.selenium.chrome.ChromeDriver
Capabilities {acceptInsecureCerts: false, browserName: chrome, browserVersion: 76.0.3809.132, chrome: {chromedriverVersion: 76.0.3809.68 (420c9498db8ce..., userDataDir: C:\Users\Saran\AppData\Loca...}, goog:chromeOptions: {debuggerAddress: localhost:55718}, javascriptEnabled: true, networkConnectionEnabled: false, pageLoadStrategy: normal, platform: XP, platformName: XP, proxy: Proxy(), setWindowRect: true, strictFileInteractability: false, timeouts: {implicit: 0, pageLoad: 300000, script: 30000}, unhandledPromptBehavior: dismiss and notify}
Session ID: 4d30eb26588bdfd955015b8390fb5652
*** Element info: {Using=id, value=NewAddress_FirstName}
at sun.reflect.NativeConstructorAccessorImpl.newInstance0(Native Method)
at sun.reflect.NativeConstructorAccessorImpl.newInstance(NativeConstructorAccessorImpl.java:62)
at sun.reflect.DelegatingConstructorAccessorImpl.newInstance(DelegatingConstructorAccessorImpl.java:45)
at java.lang.reflect.Constructor.newInstance(Constructor.java:423)
at org.openqa.selenium.remote.http.W3CHttpResponseCodec.createException(W3CHttpResponseCodec.java:187)
at org.openqa.selenium.remote.http.W3CHttpResponseCodec.decode(W3CHttpResponseCodec.java:122)
at org.openqa.selenium.remote.http.W3CHttpResponseCodec.decode(W3CHttpResponseCodec.java:49)
at org.openqa.selenium.remote.HttpCommandExecutor.execute(HttpCommandExecutor.java:158)
at org.openqa.selenium.remote.service.DriverCommandExecutor.execute(DriverCommandExecutor.java:83)
at org.openqa.selenium.remote.RemoteWebDriver.execute(RemoteWebDriver.java:552)
at org.openqa.selenium.remote.RemoteWebDriver.findElement(RemoteWebDriver.java:323)
at org.openqa.selenium.remote.RemoteWebDriver.findElementById(RemoteWebDriver.java:372)
at org.openqa.selenium.By$ById.findElement(By.java:188)
at org.openqa.selenium.remote.RemoteWebDriver.findElement(RemoteWebDriver.java:315)
at in.sathya.test.ProductOrdertest.Orderproduct(ProductOrdertest.java:53)
at sun.reflect.NativeMethodAccessorImpl.invoke0(Native Method)
at sun.reflect.NativeMethodAccessorImpl.invoke(NativeMethodAccessorImpl.java:62)
at sun.reflect.DelegatingMethodAccessorImpl.invoke(DelegatingMethodAccessorImpl.java:43)
at java.lang.reflect.Method.invoke(Method.java:498)
at org.testng.internal.MethodInvocationHelper.invokeMethod(MethodInvocationHelper.java:124)
at org.testng.internal.Invoker.invokeMethod(Invoker.java:583)
at org.testng.internal.Invoker.invokeTestMethod(Invoker.java:719)
at org.testng.internal.Invoker.invokeTestMethods(Invoker.java:989)
at org.testng.internal.TestMethodWorker.invokeTestMethods(TestMethodWorker.java:125)
at org.testng.internal.TestMethodWorker.run(TestMethodWorker.java:109)
at org.testng.TestRunner.privateRun(TestRunner.java:648)
at org.testng.TestRunner.run(TestRunner.java:505)
at org.testng.SuiteRunner.runTest(SuiteRunner.java:455)
at org.testng.SuiteRunner.runSequentially(SuiteRunner.java:450)
at org.testng.SuiteRunner.privateRun(SuiteRunner.java:415)
at org.testng.SuiteRunner.run(SuiteRunner.java:364)
at org.testng.SuiteRunnerWorker.runSuite(SuiteRunnerWorker.java:52)
at org.testng.SuiteRunnerWorker.run(SuiteRunnerWorker.java:84)
at org.testng.TestNG.runSuitesSequentially(TestNG.java:1208)
at org.testng.TestNG.runSuitesLocally(TestNG.java:1137)
at org.testng.TestNG.runSuites(TestNG.java:1049)
at org.testng.TestNG.run(TestNG.java:1017)
at org.testng.remote.AbstractRemoteTestNG.run(AbstractRemoteTestNG.java:115)
at org.testng.remote.RemoteTestNG.initAndRun(RemoteTestNG.java:251)
at org.testng.remote.RemoteTestNG.main(RemoteTestNG.java:77)
]]>
            </full-stacktrace>
          </exception> <!-- org.openqa.selenium.NoSuchElementException -->
          <reporter-output>
          </reporter-output>
        </test-method> <!-- Orderproduct -->
        <test-method status="PASS" signature="teardown()[pri:0, instance:in.sathya.test.ProductOrdertest@4802796d]" name="teardown" is-config="true" duration-ms="771" started-at="2019-08-29T05:05:08Z" finished-at="2019-08-29T05:05:09Z">
          <reporter-output>
          </reporter-output>
        </test-method> <!-- teardown -->
      </class> <!-- in.sathya.test.ProductOrdertest -->
    </test> <!-- payment test -->
    <test name="excelwrite test" duration-ms="495655" started-at="2019-08-29T05:05:09Z" finished-at="2019-08-29T05:13:25Z">
      <class name="in.sathya.test.HPLaptopspagetest">
        <test-method status="PASS" signature="setup()[pri:0, instance:in.sathya.test.HPLaptopspagetest@3590fc5b]" name="setup" is-config="true" duration-ms="67365" started-at="2019-08-29T05:05:09Z" finished-at="2019-08-29T05:06:16Z">
          <reporter-output>
          </reporter-output>
        </test-method> <!-- setup -->
        <test-method status="PASS" signature="IndividualLaptoptest()[pri:1, instance:in.sathya.test.HPLaptopspagetest@3590fc5b]" name="IndividualLaptoptest" duration-ms="427508" started-at="2019-08-29T05:06:16Z" finished-at="2019-08-29T05:13:24Z">
          <reporter-output>
          </reporter-output>
        </test-method> <!-- IndividualLaptoptest -->
        <test-method status="PASS" signature="teardown()[pri:0, instance:in.sathya.test.HPLaptopspagetest@3590fc5b]" name="teardown" is-config="true" duration-ms="780" started-at="2019-08-29T05:13:24Z" finished-at="2019-08-29T05:13:25Z">
          <reporter-output>
          </reporter-output>
        </test-method> <!-- teardown -->
      </class> <!-- in.sathya.test.HPLaptopspagetest -->
    </test> <!-- excelwrite test -->
  </suite> <!-- Sathys e-commerce page Automation testing -->
</testng-results>
